<?xml version="1.0" encoding="UTF-8"?>
<!-- Generated by org.testng.reporters.JUnitXMLReporter -->
<testsuite hostname="LAPTOP-AQ01NJB9" ignored="24" name="Test" tests="1" failures="0" timestamp="30 Nov 2022 04:58:17 GMT" time="8.48" errors="0">
  <testcase name="locateAxesUsingAND" time="1.898" classname="com.obsqura.TestNGSample.Locators"/>
  <testcase name="locateXPathOrAnd" time="0.0" classname="com.obsqura.TestNGSample.Locators">
    <ignored/>
  </testcase> <!-- locateXPathOrAnd -->
  <testcase name="locatingByID" time="0.0" classname="com.obsqura.TestNGSample.Locators">
    <ignored/>
  </testcase> <!-- locatingByID -->
  <testcase name="locateXPathChildCurrentNode" time="0.0" classname="com.obsqura.TestNGSample.Locators">
    <ignored/>
  </testcase> <!-- locateXPathChildCurrentNode -->
  <testcase name="locateCSSSelectorInnerText" time="0.0" classname="com.obsqura.TestNGSample.Locators">
    <ignored/>
  </testcase> <!-- locateCSSSelectorInnerText -->
  <testcase name="locateAxesUsingContains" time="0.0" classname="com.obsqura.TestNGSample.Locators">
    <ignored/>
  </testcase> <!-- locateAxesUsingContains -->
  <testcase name="locateXPathText" time="0.0" classname="com.obsqura.TestNGSample.Locators">
    <ignored/>
  </testcase> <!-- locateXPathText -->
  <testcase name="locateLinkText" time="0.0" classname="com.obsqura.TestNGSample.Locators">
    <ignored/>
  </testcase> <!-- locateLinkText -->
  <testcase name="locatingByClass" time="0.0" classname="com.obsqura.TestNGSample.Locators">
    <ignored/>
  </testcase> <!-- locatingByClass -->
  <testcase name="locateCSSSelectorTagAndAttribute" time="0.0" classname="com.obsqura.TestNGSample.Locators">
    <ignored/>
  </testcase> <!-- locateCSSSelectorTagAndAttribute -->
  <testcase name="locateCSSSelectorTagAndID" time="0.0" classname="com.obsqura.TestNGSample.Locators">
    <ignored/>
  </testcase> <!-- locateCSSSelectorTagAndID -->
  <testcase name="locateXPathContains" time="0.0" classname="com.obsqura.TestNGSample.Locators">
    <ignored/>
  </testcase> <!-- locateXPathContains -->
  <testcase name="locateXPathSelfAxes" time="0.0" classname="com.obsqura.TestNGSample.Locators">
    <ignored/>
  </testcase> <!-- locateXPathSelfAxes -->
  <testcase name="locateCSSSelectorID" time="0.0" classname="com.obsqura.TestNGSample.Locators">
    <ignored/>
  </testcase> <!-- locateCSSSelectorID -->
  <testcase name="locateXPathUsingLink" time="0.0" classname="com.obsqura.TestNGSample.Locators">
    <ignored/>
  </testcase> <!-- locateXPathUsingLink -->
  <testcase name="locateCSSSelectorClass" time="0.0" classname="com.obsqura.TestNGSample.Locators">
    <ignored/>
  </testcase> <!-- locateCSSSelectorClass -->
  <testcase name="locateCSSSelectorTagAndClass" time="0.0" classname="com.obsqura.TestNGSample.Locators">
    <ignored/>
  </testcase> <!-- locateCSSSelectorTagAndClass -->
  <testcase name="locatePartialLinkText" time="0.0" classname="com.obsqura.TestNGSample.Locators">
    <ignored/>
  </testcase> <!-- locatePartialLinkText -->
  <testcase name="locatingByClassAmazon" time="0.0" classname="com.obsqura.TestNGSample.Locators">
    <ignored/>
  </testcase> <!-- locatingByClassAmazon -->
  <testcase name="locateXPath" time="0.0" classname="com.obsqura.TestNGSample.Locators">
    <ignored/>
  </testcase> <!-- locateXPath -->
  <testcase name="locateByName" time="0.0" classname="com.obsqura.TestNGSample.Locators">
    <ignored/>
  </testcase> <!-- locateByName -->
  <testcase name="locateAxesUsingOR" time="0.0" classname="com.obsqura.TestNGSample.Locators">
    <ignored/>
  </testcase> <!-- locateAxesUsingOR -->
  <testcase name="locatingClassName" time="0.0" classname="com.obsqura.TestNGSample.Locators">
    <ignored/>
  </testcase> <!-- locatingClassName -->
  <testcase name="locateXPathDescendants" time="0.0" classname="com.obsqura.TestNGSample.Locators">
    <ignored/>
  </testcase> <!-- locateXPathDescendants -->
  <testcase name="locateXPathStartsWith" time="0.0" classname="com.obsqura.TestNGSample.Locators">
    <ignored/>
  </testcase> <!-- locateXPathStartsWith -->
</testsuite> <!-- Test -->
