<?xml version="1.0" encoding="UTF-8"?>
<testng-results skipped="0" failed="0" ignored="24" total="25" passed="1">
  <reporter-output>
  </reporter-output>
  <suite name="Suite" duration-ms="8480" started-at="2022-11-30T04:58:09Z" finished-at="2022-11-30T04:58:17Z">
    <groups>
    </groups>
    <test name="Test" duration-ms="8480" started-at="2022-11-30T04:58:09Z" finished-at="2022-11-30T04:58:17Z">
      <class name="com.obsqura.TestNGSample.Locators">
        <test-method status="PASS" signature="initializeBrowser()[pri:0, instance:com.obsqura.TestNGSample.Locators@55d56113]" name="initializeBrowser" is-config="true" duration-ms="5954" started-at="2022-11-30T04:58:09Z" finished-at="2022-11-30T04:58:15Z">
          <reporter-output>
          </reporter-output>
        </test-method> <!-- initializeBrowser -->
        <test-method status="PASS" signature="locateAxesUsingAND()[pri:0, instance:com.obsqura.TestNGSample.Locators@55d56113]" name="locateAxesUsingAND" duration-ms="1898" started-at="2022-11-30T04:58:15Z" description="Axes Using AND" finished-at="2022-11-30T04:58:17Z">
          <reporter-output>
          </reporter-output>
        </test-method> <!-- locateAxesUsingAND -->
        <test-method status="PASS" signature="browserQuit()[pri:0, instance:com.obsqura.TestNGSample.Locators@55d56113]" name="browserQuit" is-config="true" duration-ms="623" started-at="2022-11-30T04:58:17Z" finished-at="2022-11-30T04:58:17Z">
          <reporter-output>
          </reporter-output>
        </test-method> <!-- browserQuit -->
      </class> <!-- com.obsqura.TestNGSample.Locators -->
    </test> <!-- Test -->
  </suite> <!-- Suite -->
</testng-results>
